# JRE version: Java(TM) SE Runtime Environment (21.0.8+12) (build 21.0.8+12-LTS-250)
# Java VM: Java HotSpot(TM) 64-Bit Server VM (21.0.8+12-LTS-250, mixed mode, emulated-client, sharing, tiered, compressed oops, compressed class ptrs, g1 gc, windows-amd64)
GC Precious Log:
 CardTable entry size: 512
 Card Set container configuration: InlinePtr #cards 5 size 8 Array Of Cards #cards 12 size 40 Howl #buckets 4 coarsen threshold 1843 Howl Bitmap #cards 512 size 80 coarsen threshold 460 Card regions per heap region 1 cards per card region 2048
 CPUs: 8 total, 8 available
 Memory: 8086M
 Large Page Support: Disabled
 NUMA Support: Disabled
 Compressed Oops: Enabled (32-bit)
 Heap Region Size: 1M
 Heap Min Capacity: 8M
 Heap Initial Capacity: 128M
 Heap Max Capacity: 2022M
 Pre-touch: Disabled
 Parallel Workers: 8
 Concurrent Workers: 2
 Concurrent Refinement Workers: 8
 Periodic GC: Disabled
Heap:
 garbage-first heap   total 75776K, used 54976K [0x0000000081a00000, 0x0000000100000000)
  region size 1024K, 16 young (16384K), 3 survivors (3072K)
 Metaspace       used 95119K, committed 95872K, reserved 1179648K
  class space    used 13681K, committed 14016K, reserved 1048576K
GC Heap History (20 events):
Event: 10.481 GC heap before
{Heap before GC invocations=12 (full 0):
 garbage-first heap   total 73728K, used 62369K [0x0000000081a00000, 0x0000000100000000)
  region size 1024K, 39 young (39936K), 5 survivors (5120K)
 Metaspace       used 54229K, committed 54912K, reserved 1114112K
  class space    used 7672K, committed 8000K, reserved 1048576K
}
Event: 10.485 GC heap after
{Heap after GC invocations=13 (full 0):
 garbage-first heap   total 73728K, used 29208K [0x0000000081a00000, 0x0000000100000000)
  region size 1024K, 4 young (4096K), 4 survivors (4096K)
 Metaspace       used 54229K, committed 54912K, reserved 1114112K
  class space    used 7672K, committed 8000K, reserved 1048576K
}
Event: 10.870 GC heap before
{Heap before GC invocations=13 (full 0):
 garbage-first heap   total 73728K, used 47640K [0x0000000081a00000, 0x0000000100000000)
  region size 1024K, 24 young (24576K), 4 survivors (4096K)
 Metaspace       used 59314K, committed 59968K, reserved 1114112K
  class space    used 8510K, committed 8832K, reserved 1048576K
}
Event: 10.873 GC heap after
{Heap after GC invocations=14 (full 0):
 garbage-first heap   total 73728K, used 30027K [0x0000000081a00000, 0x0000000100000000)
  region size 1024K, 3 young (3072K), 3 survivors (3072K)
 Metaspace       used 59314K, committed 59968K, reserved 1114112K
  class space    used 8510K, committed 8832K, reserved 1048576K
}
Event: 11.412 GC heap before
{Heap before GC invocations=15 (full 0):
 garbage-first heap   total 73728K, used 64843K [0x0000000081a00000, 0x0000000100000000)
  region size 1024K, 37 young (37888K), 3 survivors (3072K)
 Metaspace       used 63711K, committed 64384K, reserved 1114112K
  class space    used 9230K, committed 9536K, reserved 1048576K
}
Event: 11.415 GC heap after
{Heap after GC invocations=16 (full 0):
 garbage-first heap   total 73728K, used 31126K [0x0000000081a00000, 0x0000000100000000)
  region size 1024K, 4 young (4096K), 4 survivors (4096K)
 Metaspace       used 63711K, committed 64384K, reserved 1114112K
  class space    used 9230K, committed 9536K, reserved 1048576K
}
Event: 12.046 GC heap before
{Heap before GC invocations=16 (full 0):
 garbage-first heap   total 73728K, used 62870K [0x0000000081a00000, 0x0000000100000000)
  region size 1024K, 36 young (36864K), 4 survivors (4096K)
 Metaspace       used 70582K, committed 71296K, reserved 1114112K
  class space    used 10029K, committed 10304K, reserved 1048576K
}
Event: 12.052 GC heap after
{Heap after GC invocations=17 (full 0):
 garbage-first heap   total 73728K, used 33926K [0x0000000081a00000, 0x0000000100000000)
  region size 1024K, 5 young (5120K), 5 survivors (5120K)
 Metaspace       used 70582K, committed 71296K, reserved 1114112K
  class space    used 10029K, committed 10304K, reserved 1048576K
}
Event: 12.461 GC heap before
{Heap before GC invocations=17 (full 0):
 garbage-first heap   total 73728K, used 62598K [0x0000000081a00000, 0x0000000100000000)
  region size 1024K, 33 young (33792K), 5 survivors (5120K)
 Metaspace       used 73043K, committed 73792K, reserved 1114112K
  class space    used 10342K, committed 10688K, reserved 1048576K
}
Event: 12.466 GC heap after
{Heap after GC invocations=18 (full 0):
 garbage-first heap   total 73728K, used 36217K [0x0000000081a00000, 0x0000000100000000)
  region size 1024K, 3 young (3072K), 3 survivors (3072K)
 Metaspace       used 73043K, committed 73792K, reserved 1114112K
  class space    used 10342K, committed 10688K, reserved 1048576K
}
Event: 12.961 GC heap before
{Heap before GC invocations=18 (full 0):
 garbage-first heap   total 73728K, used 64889K [0x0000000081a00000, 0x0000000100000000)
  region size 1024K, 31 young (31744K), 3 survivors (3072K)
 Metaspace       used 76516K, committed 77312K, reserved 1179648K
  class space    used 10855K, committed 11200K, reserved 1048576K
}
Event: 12.965 GC heap after
{Heap after GC invocations=19 (full 0):
 garbage-first heap   total 73728K, used 38507K [0x0000000081a00000, 0x0000000100000000)
  region size 1024K, 3 young (3072K), 3 survivors (3072K)
 Metaspace       used 76516K, committed 77312K, reserved 1179648K
  class space    used 10855K, committed 11200K, reserved 1048576K
}
Event: 13.449 GC heap before
{Heap before GC invocations=20 (full 0):
 garbage-first heap   total 73728K, used 64107K [0x0000000081a00000, 0x0000000100000000)
  region size 1024K, 28 young (28672K), 3 survivors (3072K)
 Metaspace       used 80668K, committed 81472K, reserved 1179648K
  class space    used 11520K, committed 11904K, reserved 1048576K
}
Event: 13.452 GC heap after
{Heap after GC invocations=21 (full 0):
 garbage-first heap   total 73728K, used 39867K [0x0000000081a00000, 0x0000000100000000)
  region size 1024K, 4 young (4096K), 4 survivors (4096K)
 Metaspace       used 80668K, committed 81472K, reserved 1179648K
  class space    used 11520K, committed 11904K, reserved 1048576K
}
Event: 97.341 GC heap before
{Heap before GC invocations=21 (full 0):
 garbage-first heap   total 73728K, used 62395K [0x0000000081a00000, 0x0000000100000000)
  region size 1024K, 27 young (27648K), 4 survivors (4096K)
 Metaspace       used 84244K, committed 85184K, reserved 1179648K
  class space    used 12006K, committed 12416K, reserved 1048576K
}
Event: 97.347 GC heap after
{Heap after GC invocations=22 (full 0):
 garbage-first heap   total 73728K, used 41162K [0x0000000081a00000, 0x0000000100000000)
  region size 1024K, 4 young (4096K), 4 survivors (4096K)
 Metaspace       used 84244K, committed 85184K, reserved 1179648K
  class space    used 12006K, committed 12416K, reserved 1048576K
}
Event: 98.951 GC heap before
{Heap before GC invocations=22 (full 0):
 garbage-first heap   total 73728K, used 61642K [0x0000000081a00000, 0x0000000100000000)
  region size 1024K, 25 young (25600K), 4 survivors (4096K)
 Metaspace       used 89403K, committed 90304K, reserved 1179648K
  class space    used 12670K, committed 13056K, reserved 1048576K
}
Event: 98.957 GC heap after
{Heap after GC invocations=23 (full 0):
 garbage-first heap   total 73728K, used 42781K [0x0000000081a00000, 0x0000000100000000)
  region size 1024K, 4 young (4096K), 4 survivors (4096K)
 Metaspace       used 89403K, committed 90304K, reserved 1179648K
  class space    used 12670K, committed 13056K, reserved 1048576K
}
Event: 99.411 GC heap before
{Heap before GC invocations=24 (full 0):
 garbage-first heap   total 75776K, used 62237K [0x0000000081a00000, 0x0000000100000000)
  region size 1024K, 24 young (24576K), 4 survivors (4096K)
 Metaspace       used 92570K, committed 93312K, reserved 1179648K
  class space    used 13300K, committed 13696K, reserved 1048576K
}
Event: 99.417 GC heap after
{Heap after GC invocations=25 (full 0):
 garbage-first heap   total 75776K, used 43712K [0x0000000081a00000, 0x0000000100000000)
  region size 1024K, 3 young (3072K), 3 survivors (3072K)
 Metaspace       used 92570K, committed 93312K, reserved 1179648K
  class space    used 13300K, committed 13696K, reserved 1048576K
}

